(lp1
ccopy_reg
_reconstructor
p2
(csklearn.grid_search
_CVScoreTuple
p3
c__builtin__
tuple
p4
((dp5
S'alpha'
p6
F9.9999999999999995e-07
sS'n_iter'
p7
I5000
scnumpy.core.multiarray
scalar
p8
(cnumpy
dtype
p9
(S'f8'
I0
I1
tRp10
(I3
S'<'
NNNI-1
I-1
I0
tbS'\xa9\x13\xbd\xe9\xd8<\xe3?'
tRp11
cnumpy.core.multiarray
_reconstruct
p12
(cnumpy
ndarray
p13
(I0
tS'b'
tRp14
(I1
(I3
tg10
I00
S'P[\xc9\xb1\x8f\xb0\xe2?^\xab=\xdb2\xd7\xe2?I\x08\xd8\xf5\xc9.\xe4?'
tbttRp15
ag2
(g3
g4
((dp16
S'alpha'
p17
F9.9999999999999995e-07
sS'n_iter'
p18
I10000
sg8
(g10
S'6I\x96\x97L9\xe3?'
tRp19
g12
(g13
(I0
tS'b'
tRp20
(I1
(I3
tg10
I00
S'\tb\x0c\x03,\xab\xe2?\xa6\xfc\xf1\x7f\x19\xd4\xe2?\xe0\x99`\x0f\xa2,\xe4?'
tbttRp21
ag2
(g3
g4
((dp22
S'alpha'
p23
F9.9999999999999995e-07
sS'n_iter'
p24
I15000
sg8
(g10
S'\xb8o\xcf\x1c\xe58\xe3?'
tRp25
g12
(g13
(I0
tS'b'
tRp26
(I1
(I3
tg10
I00
S'2\x01\xe4x\xd8\xab\xe2?<\x8ez\x99\xf1\xd1\xe2?\xad\x87/\x0c\xe7,\xe4?'
tbttRp27
ag2
(g3
g4
((dp28
S'alpha'
p29
F9.9999999999999995e-08
sS'n_iter'
p30
I5000
sg8
(g10
S'\xe2\xed\xb0$\n\xe9\xe2?'
tRp31
g12
(g13
(I0
tS'b'
tRp32
(I1
(I3
tg10
I00
S'g\x8ec#\xab:\xe2?\x98L\xc7\xf2]\x94\xe2?j \xc9\x8b\x17\xec\xe3?'
tbttRp33
ag2
(g3
g4
((dp34
S'alpha'
p35
F9.9999999999999995e-08
sS'n_iter'
p36
I10000
sg8
(g10
S'\xecC\x83GX\xe6\xe2?'
tRp37
g12
(g13
(I0
tS'b'
tRp38
(I1
(I3
tg10
I00
S'\x8eH\xb0t\xbeN\xe2?\xf0\xed\xdehe\x8a\xe2?\xd0l9\xe3\xe6\xd9\xe3?'
tbttRp39
ag2
(g3
g4
((dp40
S'alpha'
p41
F9.9999999999999995e-08
sS'n_iter'
p42
I15000
sg8
(g10
S'\x04\x87\xec\x99\xf7\xdf\xe2?'
tRp43
g12
(g13
(I0
tS'b'
tRp44
(I1
(I3
tg10
I00
S'\xddf\x92\xad\xf8J\xe2?J4\x01\xcf\xc5\x81\xe2?\xc63\x043*\xd3\xe3?'
tbttRp45
ag2
(g3
g4
((dp46
S'alpha'
p47
F1e-08
sS'n_iter'
p48
I5000
sg8
(g10
S'Q\xea\x0c\xa67\xcb\xe2?'
tRp49
g12
(g13
(I0
tS'b'
tRp50
(I1
(I3
tg10
I00
S'\xda\x9b\xe9\xc5\xe3/\xe2?{\xf1C\x84\xda\\\xe2?|=E\x9e\xea\xd4\xe3?'
tbttRp51
ag2
(g3
g4
((dp52
S'alpha'
p53
F1e-08
sS'n_iter'
p54
I10000
sg8
(g10
S'u<\x16!\xb2\xc1\xe2?'
tRp55
g12
(g13
(I0
tS'b'
tRp56
(I1
(I3
tg10
I00
S'\xd2v\xc4;\r9\xe2?\x7f;Yd\x8c_\xe2?B\xe7\x05}~\xac\xe3?'
tbttRp57
ag2
(g3
g4
((dp58
S'alpha'
p59
F1e-08
sS'n_iter'
p60
I15000
sg8
(g10
S'+\xefa[G\xb3\xe2?'
tRp61
g12
(g13
(I0
tS'b'
tRp62
(I1
(I3
tg10
I00
S'g\xe3\x87\xee\xb4$\xe2?H\xdf\x12\x81\x1f]\xe2?XN\x97o\x03\x98\xe3?'
tbttRp63
a.